<?xml version="1.0" encoding="UTF-8"?>
<!-- Generated by org.testng.reporters.JUnitReportReporter -->
<testsuite hostname="DESKTOP-ILFRJ2G" name="com.msteringselenium.demo.NewTest" tests="1" failures="0" timestamp="1 Oct 2018 14:28:25 GMT" time="27.551" errors="0">
  <testcase name="test" time="27.551" classname="com.msteringselenium.demo.NewTest"/>
</testsuite> <!-- com.msteringselenium.demo.NewTest -->
